<?xml version="1.0" encoding="UTF-8"?>
<!-- Generated by org.testng.reporters.JUnitXMLReporter -->
<testsuite ignored="0" hostname="DESKTOP-6OCHNMG" failures="0" tests="2" name="Rohith.tests.productsValidation" time="17.78" errors="0" timestamp="2025-03-04T16:07:31 IST">
  <testcase classname="Rohith.tests.productsValidation" name="getallProducts" time="3.447"/>
  <testcase classname="Rohith.tests.productsValidation" name="verifyaddedProducts" time="1.873"/>
</testsuite> <!-- Rohith.tests.productsValidation -->
