<?xml version="1.0" encoding="UTF-8"?>
<!-- Generated by org.testng.reporters.JUnitXMLReporter -->
<testsuite ignored="0" hostname="DESKTOP-6OCHNMG" failures="0" tests="3" name="Test" time="32.051" errors="0" timestamp="2025-03-04T11:58:48 IST">
  <testcase classname="Rohith.tests.SubmitOrderTest" name="submitTest" time="11.552"/>
  <testcase classname="Rohith.tests.productsValidation" name="getallProducts" time="3.349"/>
  <testcase classname="Rohith.tests.productsValidation" name="verifyaddedProducts" time="1.801"/>
</testsuite> <!-- Test -->
