<?xml version="1.0" encoding="UTF-8"?>
<testng-results ignored="0" total="3" passed="3" failed="0" skipped="0">
  <reporter-output>
  </reporter-output>
  <suite started-at="2025-03-04T22:51:19 IST" name="Suite" finished-at="2025-03-04T22:51:35 IST" duration-ms="16512">
    <groups>
      <group name="smoke">
        <method signature="SubmitOrderTest.submitTest(java.lang.String)[pri:0, instance:Rohith.tests.SubmitOrderTest@305ffe9e]" name="submitTest" class="Rohith.tests.SubmitOrderTest"/>
      </group> <!-- smoke -->
    </groups>
    <test started-at="2025-03-04T22:51:19 IST" name="Rohith.tests.SubmitOrderTest" finished-at="2025-03-04T22:51:35 IST" duration-ms="16512">
      <class name="Rohith.tests.SubmitOrderTest">
        <test-method is-config="true" signature="launchApplication()[pri:0, instance:Rohith.tests.SubmitOrderTest@305ffe9e]" started-at="2025-03-04T22:51:19 IST" name="launchApplication" finished-at="2025-03-04T22:51:24 IST" duration-ms="5605" status="PASS">
          <reporter-output>
          </reporter-output>
        </test-method> <!-- launchApplication -->
        <test-method signature="submitTest(java.lang.String)[pri:0, instance:Rohith.tests.SubmitOrderTest@305ffe9e]" started-at="2025-03-04T22:51:24 IST" name="submitTest" data-provider="giveData" finished-at="2025-03-04T22:51:35 IST" duration-ms="10628" status="PASS">
          <params>
            <param index="0">
              <value>
                <![CDATA[rahulshettyacademy]]>
              </value>
            </param>
          </params>
          <reporter-output>
          </reporter-output>
        </test-method> <!-- submitTest -->
        <test-method is-config="true" signature="close()[pri:0, instance:Rohith.tests.SubmitOrderTest@305ffe9e]" started-at="2025-03-04T22:51:35 IST" name="close" finished-at="2025-03-04T22:51:35 IST" duration-ms="242" status="PASS">
          <reporter-output>
          </reporter-output>
        </test-method> <!-- close -->
      </class> <!-- Rohith.tests.SubmitOrderTest -->
    </test> <!-- Rohith.tests.SubmitOrderTest -->
    <test started-at="2025-03-04T22:51:19 IST" name="Rohith.tests.productsValidation" finished-at="2025-03-04T22:51:35 IST" duration-ms="15860">
      <class name="Rohith.tests.productsValidation">
        <test-method is-config="true" signature="launchApplication()[pri:0, instance:Rohith.tests.productsValidation@4f0f2942]" started-at="2025-03-04T22:51:19 IST" name="launchApplication" finished-at="2025-03-04T22:51:23 IST" duration-ms="3921" status="PASS">
          <reporter-output>
          </reporter-output>
        </test-method> <!-- launchApplication -->
        <test-method signature="getallProducts()[pri:0, instance:Rohith.tests.productsValidation@4f0f2942]" started-at="2025-03-04T22:51:23 IST" name="getallProducts" finished-at="2025-03-04T22:51:28 IST" duration-ms="5004" status="PASS">
          <reporter-output>
          </reporter-output>
        </test-method> <!-- getallProducts -->
        <test-method is-config="true" signature="close()[pri:0, instance:Rohith.tests.productsValidation@4f0f2942]" started-at="2025-03-04T22:51:28 IST" name="close" finished-at="2025-03-04T22:51:28 IST" duration-ms="317" status="PASS">
          <reporter-output>
          </reporter-output>
        </test-method> <!-- close -->
        <test-method is-config="true" signature="launchApplication()[pri:0, instance:Rohith.tests.productsValidation@4f0f2942]" started-at="2025-03-04T22:51:28 IST" name="launchApplication" finished-at="2025-03-04T22:51:33 IST" duration-ms="4517" status="PASS">
          <reporter-output>
          </reporter-output>
        </test-method> <!-- launchApplication -->
        <test-method signature="verifyaddedProducts()[pri:0, instance:Rohith.tests.productsValidation@4f0f2942]" started-at="2025-03-04T22:51:33 IST" name="verifyaddedProducts" finished-at="2025-03-04T22:51:34 IST" duration-ms="1864" status="PASS">
          <reporter-output>
          </reporter-output>
        </test-method> <!-- verifyaddedProducts -->
        <test-method is-config="true" signature="close()[pri:0, instance:Rohith.tests.productsValidation@4f0f2942]" started-at="2025-03-04T22:51:34 IST" name="close" finished-at="2025-03-04T22:51:35 IST" duration-ms="184" status="PASS">
          <reporter-output>
          </reporter-output>
        </test-method> <!-- close -->
      </class> <!-- Rohith.tests.productsValidation -->
    </test> <!-- Rohith.tests.productsValidation -->
  </suite> <!-- Suite -->
</testng-results>
