<?xml version="1.0" encoding="UTF-8"?>
<testng-results ignored="0" total="1" passed="1" failed="0" skipped="0">
  <reporter-output>
  </reporter-output>
  <suite started-at="2025-03-07T18:18:21 IST" name="Default suite" finished-at="2025-03-07T18:18:38 IST" duration-ms="16937">
    <groups>
      <group name="smoke">
        <method signature="SubmitOrderTest.submitTest(java.lang.String)[pri:0, instance:Rohith.tests.SubmitOrderTest@4f6ee6e4]" name="submitTest" class="Rohith.tests.SubmitOrderTest"/>
      </group> <!-- smoke -->
    </groups>
    <test started-at="2025-03-07T18:18:21 IST" name="Default test" finished-at="2025-03-07T18:18:38 IST" duration-ms="16937">
      <class name="Rohith.tests.SubmitOrderTest">
        <test-method is-config="true" signature="launchApplication()[pri:0, instance:Rohith.tests.SubmitOrderTest@4f6ee6e4]" started-at="2025-03-07T18:18:21 IST" name="launchApplication" finished-at="2025-03-07T18:18:27 IST" duration-ms="5926" status="PASS">
          <reporter-output>
          </reporter-output>
        </test-method> <!-- launchApplication -->
        <test-method signature="submitTest(java.lang.String)[pri:0, instance:Rohith.tests.SubmitOrderTest@4f6ee6e4]" started-at="2025-03-07T18:18:27 IST" name="submitTest" data-provider="giveData" finished-at="2025-03-07T18:18:37 IST" duration-ms="10756" status="PASS">
          <params>
            <param index="0">
              <value>
                <![CDATA[rahulshettyacademy]]>
              </value>
            </param>
          </params>
          <reporter-output>
          </reporter-output>
        </test-method> <!-- submitTest -->
        <test-method is-config="true" signature="close()[pri:0, instance:Rohith.tests.SubmitOrderTest@4f6ee6e4]" started-at="2025-03-07T18:18:37 IST" name="close" finished-at="2025-03-07T18:18:38 IST" duration-ms="225" status="PASS">
          <reporter-output>
          </reporter-output>
        </test-method> <!-- close -->
      </class> <!-- Rohith.tests.SubmitOrderTest -->
    </test> <!-- Default test -->
  </suite> <!-- Default suite -->
</testng-results>
